{"/Users/samsumsion/Documents/_hackReactor/FEC/Tour-Scheduling-Sam/client/src/components/Calendar/Calendar.jsx": {"path":"/Users/samsumsion/Documents/_hackReactor/FEC/Tour-Scheduling-Sam/client/src/components/Calendar/Calendar.jsx","statementMap":{"0":{"start":{"line":6,"column":13},"end":{"line":6,"column":15}},"1":{"start":{"line":9,"column":0},"end":{"line":17,"column":1}},"2":{"start":{"line":9,"column":13},"end":{"line":9,"column":14}},"3":{"start":{"line":10,"column":12},"end":{"line":10,"column":14}},"4":{"start":{"line":11,"column":15},"end":{"line":11,"column":61}},"5":{"start":{"line":12,"column":2},"end":{"line":12,"column":29}},"6":{"start":{"line":13,"column":2},"end":{"line":13,"column":34}},"7":{"start":{"line":14,"column":2},"end":{"line":14,"column":54}},"8":{"start":{"line":15,"column":2},"end":{"line":15,"column":36}},"9":{"start":{"line":16,"column":2},"end":{"line":16,"column":17}},"10":{"start":{"line":21,"column":4},"end":{"line":21,"column":17}},"11":{"start":{"line":22,"column":4},"end":{"line":25,"column":6}},"12":{"start":{"line":27,"column":4},"end":{"line":27,"column":51}},"13":{"start":{"line":28,"column":4},"end":{"line":28,"column":49}},"14":{"start":{"line":29,"column":4},"end":{"line":29,"column":49}},"15":{"start":{"line":33,"column":15},"end":{"line":33,"column":72}},"16":{"start":{"line":34,"column":4},"end":{"line":34,"column":72}},"17":{"start":{"line":38,"column":4},"end":{"line":41,"column":5}},"18":{"start":{"line":39,"column":20},"end":{"line":39,"column":68}},"19":{"start":{"line":40,"column":6},"end":{"line":40,"column":81}},"20":{"start":{"line":42,"column":4},"end":{"line":42,"column":74}},"21":{"start":{"line":43,"column":4},"end":{"line":43,"column":43}},"22":{"start":{"line":44,"column":4},"end":{"line":44,"column":37}},"23":{"start":{"line":48,"column":4},"end":{"line":48,"column":31}},"24":{"start":{"line":52,"column":4},"end":{"line":52,"column":31}},"25":{"start":{"line":56,"column":4},"end":{"line":73,"column":5}},"26":{"start":{"line":57,"column":6},"end":{"line":72,"column":8}},"27":{"start":{"line":61,"column":37},"end":{"line":61,"column":105}},"28":{"start":{"line":74,"column":4},"end":{"line":89,"column":6}},"29":{"start":{"line":85,"column":35},"end":{"line":85,"column":103}},"30":{"start":{"line":93,"column":24},"end":{"line":101,"column":1}},"31":{"start":{"line":94,"column":2},"end":{"line":100,"column":8}},"32":{"start":{"line":95,"column":134},"end":{"line":95,"column":162}}},"fnMap":{"0":{"name":"(anonymous_0)","decl":{"start":{"line":20,"column":2},"end":{"line":20,"column":3}},"loc":{"start":{"line":20,"column":21},"end":{"line":30,"column":3}},"line":20},"1":{"name":"(anonymous_1)","decl":{"start":{"line":32,"column":2},"end":{"line":32,"column":3}},"loc":{"start":{"line":32,"column":22},"end":{"line":35,"column":3}},"line":32},"2":{"name":"(anonymous_2)","decl":{"start":{"line":37,"column":2},"end":{"line":37,"column":3}},"loc":{"start":{"line":37,"column":21},"end":{"line":45,"column":3}},"line":37},"3":{"name":"(anonymous_3)","decl":{"start":{"line":47,"column":2},"end":{"line":47,"column":3}},"loc":{"start":{"line":47,"column":16},"end":{"line":49,"column":3}},"line":47},"4":{"name":"(anonymous_4)","decl":{"start":{"line":51,"column":2},"end":{"line":51,"column":3}},"loc":{"start":{"line":51,"column":15},"end":{"line":53,"column":3}},"line":51},"5":{"name":"(anonymous_5)","decl":{"start":{"line":55,"column":2},"end":{"line":55,"column":3}},"loc":{"start":{"line":55,"column":11},"end":{"line":90,"column":3}},"line":55},"6":{"name":"(anonymous_6)","decl":{"start":{"line":61,"column":24},"end":{"line":61,"column":25}},"loc":{"start":{"line":61,"column":37},"end":{"line":61,"column":105}},"line":61},"7":{"name":"(anonymous_7)","decl":{"start":{"line":85,"column":22},"end":{"line":85,"column":23}},"loc":{"start":{"line":85,"column":35},"end":{"line":85,"column":103}},"line":85},"8":{"name":"(anonymous_8)","decl":{"start":{"line":93,"column":24},"end":{"line":93,"column":25}},"loc":{"start":{"line":94,"column":2},"end":{"line":100,"column":8}},"line":94},"9":{"name":"(anonymous_9)","decl":{"start":{"line":95,"column":125},"end":{"line":95,"column":126}},"loc":{"start":{"line":95,"column":132},"end":{"line":95,"column":164}},"line":95}},"branchMap":{"0":{"loc":{"start":{"line":38,"column":4},"end":{"line":41,"column":5}},"type":"if","locations":[{"start":{"line":38,"column":4},"end":{"line":41,"column":5}},{"start":{"line":38,"column":4},"end":{"line":41,"column":5}}],"line":38},"1":{"loc":{"start":{"line":56,"column":4},"end":{"line":73,"column":5}},"type":"if","locations":[{"start":{"line":56,"column":4},"end":{"line":73,"column":5}},{"start":{"line":56,"column":4},"end":{"line":73,"column":5}}],"line":56}},"s":{"0":3,"1":3,"2":3,"3":24,"4":24,"5":24,"6":24,"7":24,"8":24,"9":24,"10":3,"11":3,"12":3,"13":3,"14":3,"15":0,"16":0,"17":0,"18":0,"19":0,"20":0,"21":0,"22":0,"23":0,"24":0,"25":4,"26":3,"27":24,"28":1,"29":8,"30":3,"31":16,"32":0},"f":{"0":3,"1":0,"2":0,"3":0,"4":0,"5":4,"6":24,"7":8,"8":16,"9":0},"b":{"0":[0,0],"1":[3,1]},"_coverageSchema":"1a1c01bbd47fc00a2c39e90264f33305004495a9","hash":"36cc66991bd4a963cf810b7e27f5b74ee03fc8d0"}
,"/Users/samsumsion/Documents/_hackReactor/FEC/Tour-Scheduling-Sam/client/src/components/MainViewer/MainViewer.jsx": {"path":"/Users/samsumsion/Documents/_hackReactor/FEC/Tour-Scheduling-Sam/client/src/components/MainViewer/MainViewer.jsx","statementMap":{"0":{"start":{"line":6,"column":19},"end":{"line":22,"column":1}},"1":{"start":{"line":7,"column":2},"end":{"line":21,"column":8}}},"fnMap":{"0":{"name":"(anonymous_0)","decl":{"start":{"line":6,"column":19},"end":{"line":6,"column":20}},"loc":{"start":{"line":7,"column":2},"end":{"line":21,"column":8}},"line":7}},"branchMap":{},"s":{"0":1,"1":1},"f":{"0":1},"b":{},"_coverageSchema":"1a1c01bbd47fc00a2c39e90264f33305004495a9","hash":"63e1169c012a3d7b059dd41f487e049a211dd86f"}
,"/Users/samsumsion/Documents/_hackReactor/FEC/Tour-Scheduling-Sam/client/src/components/Modal/Modal.jsx": {"path":"/Users/samsumsion/Documents/_hackReactor/FEC/Tour-Scheduling-Sam/client/src/components/Modal/Modal.jsx","statementMap":{"0":{"start":{"line":8,"column":20},"end":{"line":15,"column":1}},"1":{"start":{"line":9,"column":14},"end":{"line":9,"column":37}},"2":{"start":{"line":10,"column":2},"end":{"line":10,"column":24}},"3":{"start":{"line":11,"column":2},"end":{"line":13,"column":3}},"4":{"start":{"line":12,"column":4},"end":{"line":12,"column":26}},"5":{"start":{"line":14,"column":2},"end":{"line":14,"column":38}},"6":{"start":{"line":19,"column":4},"end":{"line":19,"column":17}},"7":{"start":{"line":20,"column":4},"end":{"line":23,"column":6}},"8":{"start":{"line":25,"column":4},"end":{"line":25,"column":47}},"9":{"start":{"line":26,"column":4},"end":{"line":26,"column":49}},"10":{"start":{"line":30,"column":4},"end":{"line":34,"column":5}},"11":{"start":{"line":31,"column":6},"end":{"line":31,"column":34}},"12":{"start":{"line":33,"column":6},"end":{"line":33,"column":69}},"13":{"start":{"line":33,"column":36},"end":{"line":33,"column":66}},"14":{"start":{"line":38,"column":4},"end":{"line":42,"column":5}},"15":{"start":{"line":39,"column":6},"end":{"line":39,"column":61}},"16":{"start":{"line":41,"column":6},"end":{"line":41,"column":69}},"17":{"start":{"line":41,"column":36},"end":{"line":41,"column":66}},"18":{"start":{"line":46,"column":4},"end":{"line":82,"column":6}}},"fnMap":{"0":{"name":"(anonymous_0)","decl":{"start":{"line":8,"column":20},"end":{"line":8,"column":21}},"loc":{"start":{"line":8,"column":29},"end":{"line":15,"column":1}},"line":8},"1":{"name":"(anonymous_1)","decl":{"start":{"line":18,"column":2},"end":{"line":18,"column":3}},"loc":{"start":{"line":18,"column":21},"end":{"line":27,"column":3}},"line":18},"2":{"name":"(anonymous_2)","decl":{"start":{"line":29,"column":2},"end":{"line":29,"column":3}},"loc":{"start":{"line":29,"column":15},"end":{"line":35,"column":3}},"line":29},"3":{"name":"(anonymous_3)","decl":{"start":{"line":33,"column":20},"end":{"line":33,"column":21}},"loc":{"start":{"line":33,"column":36},"end":{"line":33,"column":66}},"line":33},"4":{"name":"(anonymous_4)","decl":{"start":{"line":37,"column":2},"end":{"line":37,"column":3}},"loc":{"start":{"line":37,"column":14},"end":{"line":43,"column":3}},"line":37},"5":{"name":"(anonymous_5)","decl":{"start":{"line":41,"column":20},"end":{"line":41,"column":21}},"loc":{"start":{"line":41,"column":36},"end":{"line":41,"column":66}},"line":41},"6":{"name":"(anonymous_6)","decl":{"start":{"line":45,"column":2},"end":{"line":45,"column":3}},"loc":{"start":{"line":45,"column":11},"end":{"line":83,"column":3}},"line":45}},"branchMap":{"0":{"loc":{"start":{"line":11,"column":2},"end":{"line":13,"column":3}},"type":"if","locations":[{"start":{"line":11,"column":2},"end":{"line":13,"column":3}},{"start":{"line":11,"column":2},"end":{"line":13,"column":3}}],"line":11},"1":{"loc":{"start":{"line":30,"column":4},"end":{"line":34,"column":5}},"type":"if","locations":[{"start":{"line":30,"column":4},"end":{"line":34,"column":5}},{"start":{"line":30,"column":4},"end":{"line":34,"column":5}}],"line":30},"2":{"loc":{"start":{"line":38,"column":4},"end":{"line":42,"column":5}},"type":"if","locations":[{"start":{"line":38,"column":4},"end":{"line":42,"column":5}},{"start":{"line":38,"column":4},"end":{"line":42,"column":5}}],"line":38}},"s":{"0":1,"1":6,"2":6,"3":6,"4":6,"5":6,"6":1,"7":1,"8":1,"9":1,"10":2,"11":1,"12":1,"13":1,"14":3,"15":2,"16":1,"17":1,"18":6},"f":{"0":6,"1":1,"2":2,"3":1,"4":3,"5":1,"6":6},"b":{"0":[6,0],"1":[1,1],"2":[2,1]},"_coverageSchema":"1a1c01bbd47fc00a2c39e90264f33305004495a9","hash":"b16348bdc8af108d634e1854cefec31ee08c8a0d"}
,"/Users/samsumsion/Documents/_hackReactor/FEC/Tour-Scheduling-Sam/client/src/components/SaveButton/SaveButton.jsx": {"path":"/Users/samsumsion/Documents/_hackReactor/FEC/Tour-Scheduling-Sam/client/src/components/SaveButton/SaveButton.jsx","statementMap":{"0":{"start":{"line":7,"column":4},"end":{"line":7,"column":17}},"1":{"start":{"line":8,"column":4},"end":{"line":10,"column":6}},"2":{"start":{"line":12,"column":4},"end":{"line":12,"column":37}},"3":{"start":{"line":16,"column":4},"end":{"line":16,"column":64}},"4":{"start":{"line":16,"column":34},"end":{"line":16,"column":61}},"5":{"start":{"line":20,"column":18},"end":{"line":20,"column":28}},"6":{"start":{"line":23,"column":4},"end":{"line":29,"column":5}},"7":{"start":{"line":24,"column":6},"end":{"line":24,"column":29}},"8":{"start":{"line":25,"column":6},"end":{"line":25,"column":29}},"9":{"start":{"line":27,"column":6},"end":{"line":27,"column":30}},"10":{"start":{"line":28,"column":6},"end":{"line":28,"column":30}},"11":{"start":{"line":30,"column":4},"end":{"line":45,"column":6}}},"fnMap":{"0":{"name":"(anonymous_0)","decl":{"start":{"line":6,"column":2},"end":{"line":6,"column":3}},"loc":{"start":{"line":6,"column":21},"end":{"line":13,"column":3}},"line":6},"1":{"name":"(anonymous_1)","decl":{"start":{"line":15,"column":2},"end":{"line":15,"column":3}},"loc":{"start":{"line":15,"column":9},"end":{"line":17,"column":3}},"line":15},"2":{"name":"(anonymous_2)","decl":{"start":{"line":16,"column":18},"end":{"line":16,"column":19}},"loc":{"start":{"line":16,"column":34},"end":{"line":16,"column":61}},"line":16},"3":{"name":"(anonymous_3)","decl":{"start":{"line":19,"column":2},"end":{"line":19,"column":3}},"loc":{"start":{"line":19,"column":11},"end":{"line":46,"column":3}},"line":19}},"branchMap":{"0":{"loc":{"start":{"line":23,"column":4},"end":{"line":29,"column":5}},"type":"if","locations":[{"start":{"line":23,"column":4},"end":{"line":29,"column":5}},{"start":{"line":23,"column":4},"end":{"line":29,"column":5}}],"line":23}},"s":{"0":1,"1":1,"2":1,"3":1,"4":1,"5":2,"6":2,"7":1,"8":1,"9":1,"10":1,"11":2},"f":{"0":1,"1":1,"2":1,"3":2},"b":{"0":[1,1]},"_coverageSchema":"1a1c01bbd47fc00a2c39e90264f33305004495a9","hash":"94dfb4b87fba14f8763f1b7333e8dea0a594f5aa"}
,"/Users/samsumsion/Documents/_hackReactor/FEC/Tour-Scheduling-Sam/client/src/components/TourSchedule/TourSchedule.jsx": {"path":"/Users/samsumsion/Documents/_hackReactor/FEC/Tour-Scheduling-Sam/client/src/components/TourSchedule/TourSchedule.jsx","statementMap":{"0":{"start":{"line":8,"column":4},"end":{"line":8,"column":17}},"1":{"start":{"line":9,"column":4},"end":{"line":15,"column":6}},"2":{"start":{"line":17,"column":4},"end":{"line":17,"column":49}},"3":{"start":{"line":18,"column":4},"end":{"line":18,"column":49}},"4":{"start":{"line":19,"column":4},"end":{"line":19,"column":49}},"5":{"start":{"line":20,"column":4},"end":{"line":20,"column":41}},"6":{"start":{"line":24,"column":4},"end":{"line":24,"column":44}},"7":{"start":{"line":28,"column":4},"end":{"line":30,"column":5}},"8":{"start":{"line":29,"column":6},"end":{"line":29,"column":40}},"9":{"start":{"line":34,"column":4},"end":{"line":34,"column":42}},"10":{"start":{"line":38,"column":32},"end":{"line":38,"column":42}},"11":{"start":{"line":39,"column":15},"end":{"line":39,"column":17}},"12":{"start":{"line":40,"column":4},"end":{"line":55,"column":5}},"13":{"start":{"line":41,"column":6},"end":{"line":41,"column":34}},"14":{"start":{"line":42,"column":6},"end":{"line":42,"column":27}},"15":{"start":{"line":43,"column":6},"end":{"line":43,"column":23}},"16":{"start":{"line":44,"column":6},"end":{"line":44,"column":66}},"17":{"start":{"line":45,"column":6},"end":{"line":45,"column":67}},"18":{"start":{"line":46,"column":6},"end":{"line":46,"column":67}},"19":{"start":{"line":47,"column":6},"end":{"line":47,"column":73}},"20":{"start":{"line":49,"column":6},"end":{"line":49,"column":33}},"21":{"start":{"line":50,"column":6},"end":{"line":50,"column":27}},"22":{"start":{"line":51,"column":6},"end":{"line":51,"column":66}},"23":{"start":{"line":52,"column":6},"end":{"line":52,"column":67}},"24":{"start":{"line":53,"column":6},"end":{"line":53,"column":67}},"25":{"start":{"line":54,"column":6},"end":{"line":54,"column":72}},"26":{"start":{"line":56,"column":4},"end":{"line":59,"column":9}},"27":{"start":{"line":58,"column":8},"end":{"line":58,"column":25}},"28":{"start":{"line":63,"column":26},"end":{"line":63,"column":36}},"29":{"start":{"line":66,"column":4},"end":{"line":72,"column":5}},"30":{"start":{"line":67,"column":6},"end":{"line":67,"column":32}},"31":{"start":{"line":68,"column":6},"end":{"line":68,"column":33}},"32":{"start":{"line":70,"column":6},"end":{"line":70,"column":33}},"33":{"start":{"line":71,"column":6},"end":{"line":71,"column":32}},"34":{"start":{"line":73,"column":4},"end":{"line":102,"column":5}},"35":{"start":{"line":74,"column":6},"end":{"line":101,"column":8}},"36":{"start":{"line":82,"column":118},"end":{"line":82,"column":146}},"37":{"start":{"line":83,"column":117},"end":{"line":83,"column":144}},"38":{"start":{"line":103,"column":4},"end":{"line":126,"column":6}}},"fnMap":{"0":{"name":"(anonymous_0)","decl":{"start":{"line":7,"column":2},"end":{"line":7,"column":3}},"loc":{"start":{"line":7,"column":21},"end":{"line":21,"column":3}},"line":7},"1":{"name":"(anonymous_1)","decl":{"start":{"line":23,"column":2},"end":{"line":23,"column":3}},"loc":{"start":{"line":23,"column":15},"end":{"line":25,"column":3}},"line":23},"2":{"name":"(anonymous_2)","decl":{"start":{"line":27,"column":2},"end":{"line":27,"column":3}},"loc":{"start":{"line":27,"column":23},"end":{"line":31,"column":3}},"line":27},"3":{"name":"(anonymous_3)","decl":{"start":{"line":33,"column":2},"end":{"line":33,"column":3}},"loc":{"start":{"line":33,"column":27},"end":{"line":35,"column":3}},"line":33},"4":{"name":"(anonymous_4)","decl":{"start":{"line":37,"column":2},"end":{"line":37,"column":3}},"loc":{"start":{"line":37,"column":11},"end":{"line":60,"column":3}},"line":37},"5":{"name":"(anonymous_5)","decl":{"start":{"line":57,"column":13},"end":{"line":57,"column":14}},"loc":{"start":{"line":57,"column":22},"end":{"line":59,"column":7}},"line":57},"6":{"name":"(anonymous_6)","decl":{"start":{"line":62,"column":2},"end":{"line":62,"column":3}},"loc":{"start":{"line":62,"column":11},"end":{"line":127,"column":3}},"line":62},"7":{"name":"(anonymous_7)","decl":{"start":{"line":82,"column":110},"end":{"line":82,"column":111}},"loc":{"start":{"line":82,"column":116},"end":{"line":82,"column":148}},"line":82},"8":{"name":"(anonymous_8)","decl":{"start":{"line":83,"column":109},"end":{"line":83,"column":110}},"loc":{"start":{"line":83,"column":115},"end":{"line":83,"column":146}},"line":83}},"branchMap":{"0":{"loc":{"start":{"line":28,"column":4},"end":{"line":30,"column":5}},"type":"if","locations":[{"start":{"line":28,"column":4},"end":{"line":30,"column":5}},{"start":{"line":28,"column":4},"end":{"line":30,"column":5}}],"line":28},"1":{"loc":{"start":{"line":40,"column":4},"end":{"line":55,"column":5}},"type":"if","locations":[{"start":{"line":40,"column":4},"end":{"line":55,"column":5}},{"start":{"line":40,"column":4},"end":{"line":55,"column":5}}],"line":40},"2":{"loc":{"start":{"line":66,"column":4},"end":{"line":72,"column":5}},"type":"if","locations":[{"start":{"line":66,"column":4},"end":{"line":72,"column":5}},{"start":{"line":66,"column":4},"end":{"line":72,"column":5}}],"line":66},"3":{"loc":{"start":{"line":73,"column":4},"end":{"line":102,"column":5}},"type":"if","locations":[{"start":{"line":73,"column":4},"end":{"line":102,"column":5}},{"start":{"line":73,"column":4},"end":{"line":102,"column":5}}],"line":73}},"s":{"0":1,"1":1,"2":1,"3":1,"4":1,"5":1,"6":0,"7":0,"8":0,"9":0,"10":0,"11":0,"12":0,"13":0,"14":0,"15":0,"16":0,"17":0,"18":0,"19":0,"20":0,"21":0,"22":0,"23":0,"24":0,"25":0,"26":0,"27":0,"28":1,"29":1,"30":1,"31":1,"32":0,"33":0,"34":1,"35":1,"36":0,"37":0,"38":0},"f":{"0":1,"1":0,"2":0,"3":0,"4":0,"5":0,"6":1,"7":0,"8":0},"b":{"0":[0,0],"1":[0,0],"2":[1,0],"3":[1,0]},"_coverageSchema":"1a1c01bbd47fc00a2c39e90264f33305004495a9","hash":"7799baa8cbdd80bec283a5e4e2f8d0e75805de5b"}
}
