TN:
SF:client/src/components/Calendar/Calendar.jsx
FN:20,(anonymous_0)
FN:32,(anonymous_1)
FN:37,(anonymous_2)
FN:47,(anonymous_3)
FN:51,(anonymous_4)
FN:55,(anonymous_5)
FN:61,(anonymous_6)
FN:85,(anonymous_7)
FN:93,(anonymous_8)
FN:95,(anonymous_9)
FNF:10
FNH:5
FNDA:3,(anonymous_0)
FNDA:0,(anonymous_1)
FNDA:0,(anonymous_2)
FNDA:0,(anonymous_3)
FNDA:0,(anonymous_4)
FNDA:4,(anonymous_5)
FNDA:24,(anonymous_6)
FNDA:8,(anonymous_7)
FNDA:16,(anonymous_8)
FNDA:0,(anonymous_9)
DA:6,3
DA:9,3
DA:10,24
DA:11,24
DA:12,24
DA:13,24
DA:14,24
DA:15,24
DA:16,24
DA:21,3
DA:22,3
DA:27,3
DA:28,3
DA:29,3
DA:33,0
DA:34,0
DA:38,0
DA:39,0
DA:40,0
DA:42,0
DA:43,0
DA:44,0
DA:48,0
DA:52,0
DA:56,4
DA:57,3
DA:61,24
DA:74,1
DA:85,8
DA:93,3
DA:94,16
DA:95,0
LF:32
LH:21
BRDA:38,0,0,0
BRDA:38,0,1,0
BRDA:56,1,0,3
BRDA:56,1,1,1
BRF:4
BRH:2
end_of_record
TN:
SF:client/src/components/MainViewer/MainViewer.jsx
FN:6,(anonymous_0)
FNF:1
FNH:1
FNDA:1,(anonymous_0)
DA:6,1
DA:7,1
LF:2
LH:2
BRF:0
BRH:0
end_of_record
TN:
SF:client/src/components/Modal/Modal.jsx
FN:8,(anonymous_0)
FN:18,(anonymous_1)
FN:29,(anonymous_2)
FN:33,(anonymous_3)
FN:37,(anonymous_4)
FN:41,(anonymous_5)
FN:45,(anonymous_6)
FNF:7
FNH:7
FNDA:6,(anonymous_0)
FNDA:1,(anonymous_1)
FNDA:2,(anonymous_2)
FNDA:1,(anonymous_3)
FNDA:3,(anonymous_4)
FNDA:1,(anonymous_5)
FNDA:6,(anonymous_6)
DA:8,1
DA:9,6
DA:10,6
DA:11,6
DA:12,6
DA:14,6
DA:19,1
DA:20,1
DA:25,1
DA:26,1
DA:30,2
DA:31,1
DA:33,1
DA:38,3
DA:39,2
DA:41,1
DA:46,6
LF:17
LH:17
BRDA:11,0,0,6
BRDA:11,0,1,0
BRDA:30,1,0,1
BRDA:30,1,1,1
BRDA:38,2,0,2
BRDA:38,2,1,1
BRF:6
BRH:5
end_of_record
TN:
SF:client/src/components/SaveButton/SaveButton.jsx
FN:6,(anonymous_0)
FN:15,(anonymous_1)
FN:16,(anonymous_2)
FN:19,(anonymous_3)
FNF:4
FNH:4
FNDA:1,(anonymous_0)
FNDA:1,(anonymous_1)
FNDA:1,(anonymous_2)
FNDA:2,(anonymous_3)
DA:7,1
DA:8,1
DA:12,1
DA:16,1
DA:20,2
DA:23,2
DA:24,1
DA:25,1
DA:27,1
DA:28,1
DA:30,2
LF:11
LH:11
BRDA:23,0,0,1
BRDA:23,0,1,1
BRF:2
BRH:2
end_of_record
TN:
SF:client/src/components/TourSchedule/TourSchedule.jsx
FN:7,(anonymous_0)
FN:23,(anonymous_1)
FN:27,(anonymous_2)
FN:33,(anonymous_3)
FN:37,(anonymous_4)
FN:57,(anonymous_5)
FN:62,(anonymous_6)
FN:82,(anonymous_7)
FN:83,(anonymous_8)
FNF:9
FNH:2
FNDA:1,(anonymous_0)
FNDA:0,(anonymous_1)
FNDA:0,(anonymous_2)
FNDA:0,(anonymous_3)
FNDA:0,(anonymous_4)
FNDA:0,(anonymous_5)
FNDA:1,(anonymous_6)
FNDA:0,(anonymous_7)
FNDA:0,(anonymous_8)
DA:8,1
DA:9,1
DA:17,1
DA:18,1
DA:19,1
DA:20,1
DA:24,0
DA:28,0
DA:29,0
DA:34,0
DA:38,0
DA:39,0
DA:40,0
DA:41,0
DA:42,0
DA:43,0
DA:44,0
DA:45,0
DA:46,0
DA:47,0
DA:49,0
DA:50,0
DA:51,0
DA:52,0
DA:53,0
DA:54,0
DA:56,0
DA:58,0
DA:63,1
DA:66,1
DA:67,1
DA:68,1
DA:70,0
DA:71,0
DA:73,1
DA:74,1
DA:82,0
DA:83,0
DA:103,0
LF:39
LH:12
BRDA:28,0,0,0
BRDA:28,0,1,0
BRDA:40,1,0,0
BRDA:40,1,1,0
BRDA:66,2,0,1
BRDA:66,2,1,0
BRDA:73,3,0,1
BRDA:73,3,1,0
BRF:8
BRH:2
end_of_record
